C51 COMPILER V9.00   HLD                                                                   11/01/2023 18:19:13 PAGE 1   


C51 COMPILER V9.00, COMPILATION OF MODULE HLD
OBJECT MODULE PLACED IN hld.OBJ
COMPILER INVOKED BY: D:\single\C51\BIN\C51.EXE hld.c BROWSE DEBUG OBJECTEXTEND

line level    source

   1          #include<reg51.h>
   2          #define uchar unsigned char
   3          uchar sz[]={0xC0,0xF9,0xA4,0xB0,0x99,0x92,0x82,0xF8,0x80,0x90};
   4          sbit G1=P1^0;
   5          sbit Y1=P1^1;
   6          sbit R1=P1^2;
   7          sbit G2=P1^4;
   8          sbit Y2=P1^5;
   9          sbit R2=P1^6;
  10          void delay(){
  11   1         uchar i,j;
  12   1         for(i=0;i<255;i++)
  13   1           for(j=0;j<255;j++)  ;
  14   1      }
  15          void zd(){                         //发出中断及中断被允许
  16   1         IT0=1;
  17   1         IT1=1;
  18   1         EA=1;
  19   1         EX0=1;
  20   1         EX1=1;
  21   1      }
  22          void LED_1(){              //东西绿灯（蓝数码管），南北红灯{红数码管）
  23   1         uchar m,n;
  24   1         P0=0xff;
  25   1         P1=0x41;
  26   1         for(m=0;m<3;m++){
  27   2               for(n=0;n<10;n++){     
  28   3                 P2=0x01;
  29   3                 P0=sz[m];
  30   3                 delay();
  31   3                 P2=0x02;
  32   3                 P0=sz[n];
  33   3                 delay();
  34   3                 
  35   3                 if(m==2&&n>=7){  
  36   4                   P1=0x00;
  37   4                       delay();
  38   4                       P1=0x22;
  39   4                       delay();
  40   4                       P1=0x00;
  41   4                 }   
  42   3               }
  43   2               delay();   
  44   2         }
  45   1        P0=0xff;  
  46   1      }
  47          void LED_2(){             //东西红灯（红数码管），南北绿灯{蓝数码管）
  48   1       uchar m,n,j;
  49   1         P0=0xff;
  50   1         P1=0x14;
  51   1         for(m=0;m<3;m++){
  52   2               for(n=0;n<10;n++){     
  53   3                 P2=0x04;
  54   3                 P0=sz[m];
  55   3                 delay();
C51 COMPILER V9.00   HLD                                                                   11/01/2023 18:19:13 PAGE 2   

  56   3                 P2=0x08;
  57   3                 P0=sz[n];
  58   3                 delay();
  59   3                 
  60   3                 if(m==2&&n>=7){  
  61   4                   P1=0x00;
  62   4                       delay();
  63   4                       P1=0x22;
  64   4                       delay();
  65   4                       P1=0x00;
  66   4                 } 
  67   3               }
  68   2               delay();   
  69   2         }
  70   1        P0=0xff; 
  71   1      }
*** WARNING C280 IN LINE 48 OF HLD.C: 'j': unreferenced local variable
  72          void main(){
  73   1         zd();
  74   1         while(1){
  75   2           LED_1();
  76   2           LED_2();
  77   2         }
  78   1      }
  79          void int0() interrupt 0{
  80   1         uchar i;
  81   1         P0=0xff;
  82   1         P1=0x00;
  83   1         for(i=0;i<60;i++){
  84   2           Y1=1;
  85   2               delay();
  86   2           Y1=0;
  87   2               delay();
  88   2               Y1=1;
  89   2         }
  90   1      }
  91          void int1() interrupt 2{
  92   1         uchar i;
  93   1         P0=0xff;
  94   1         P1=0x00;
  95   1         for(i=0;i<60;i++){
  96   2           Y2=1;
  97   2               delay();
  98   2           Y2=0;
  99   2               delay();
 100   2               Y2=1;
 101   2         }
 102   1      }


MODULE INFORMATION:   STATIC OVERLAYABLE
   CODE SIZE        =    266    ----
   CONSTANT SIZE    =   ----    ----
   XDATA SIZE       =   ----    ----
   PDATA SIZE       =   ----    ----
   DATA SIZE        =     10       1
   IDATA SIZE       =   ----    ----
   BIT SIZE         =   ----    ----
END OF MODULE INFORMATION.


C51 COMPILATION COMPLETE.  1 WARNING(S),  0 ERROR(S)
