C51 COMPILER V9.59.0.0   SHIZHONG                                                          09/19/2023 09:35:18 PAGE 1   


C51 COMPILER V9.59.0.0, COMPILATION OF MODULE SHIZHONG
OBJECT MODULE PLACED IN .\shizhong.obj
COMPILER INVOKED BY: D:\软件\DEVELOP\danpianji\keil\C51\BIN\C51.EXE ..\..\shizhong.c BROWSE DEBUG OBJECTEXTEND PRINT(.\s
                    -hizhong.lst) OBJECT(.\shizhong.obj)

line level    source

   1          #include "reg52.h"
   2          #define uint unsigned int
   3          #define uchar unsigned char
   4          
   5          
   6          //定义数码管位选信号控制脚
   7          sbit p22=P2^2;
   8          sbit p23=P2^3;
   9          sbit p24=P2^4;
  10          
  11          //共阴极数码管显示0-9的断码数据
  12          uchar number[10]={0x3f,0x06,0x5b,0x4f,0x66,0x6d,0x7d,0x07,
  13                                          0x7f,0x6f};
  14          
  15          void delay()
  16          {
  17   1      uchar i,j;
  18   1      for(i=0;i<255;i++)
  19   1              for(j=0;j<255;j++);     
  20   1      }
  21          
  22          
  23          void nixie(uint location,uint num)
  24          {
  25   1                       switch(location)//位选
  26   1                      {
  27   2                              case 1: p22=1;p23=1;p24=1;break;
  28   2                              case 2: p22=0;p23=1;p24=1;break;
  29   2                              case 3: p22=1;p23=0;p24=1;break;
  30   2                              case 4: p22=0;p23=0;p24=1;break;
  31   2                              case 5: p22=1;p23=1;p24=0;break;
  32   2                              case 6: p22=0;p23=1;p24=0;break;
  33   2                              case 7: p22=1;p23=0;p24=0;break;
  34   2                              case 8: p22=0;p23=0;p24=0;break;
  35   2                      }
  36   1                      P0=number[num];
  37   1      //P0=0x6f;
  38   1      }
  39          
  40          
  41          void main()
  42          {
  43   1              nixie(5,7);
  44   1              while(1)
  45   1              {}
  46   1      }


MODULE INFORMATION:   STATIC OVERLAYABLE
   CODE SIZE        =    146    ----
   CONSTANT SIZE    =   ----    ----
   XDATA SIZE       =   ----    ----
   PDATA SIZE       =   ----    ----
   DATA SIZE        =     10    ----
C51 COMPILER V9.59.0.0   SHIZHONG                                                          09/19/2023 09:35:18 PAGE 2   

   IDATA SIZE       =   ----    ----
   BIT SIZE         =   ----    ----
END OF MODULE INFORMATION.


C51 COMPILATION COMPLETE.  0 WARNING(S),  0 ERROR(S)
