C51 COMPILER V9.59.0.0   SHANTING                                                          08/31/2023 16:57:38 PAGE 1   


C51 COMPILER V9.59.0.0, COMPILATION OF MODULE SHANTING
OBJECT MODULE PLACED IN shanting.OBJ
COMPILER INVOKED BY: D:\Èí¼þ\DEVELOP\Keil uvision5 C51v959(64bit)\C51\BIN\C51.EXE shanting.c BROWSE DEBUG OBJECTEXTEND

line level    source

   1          #include <reg51.h>
   2          #define uchar unsigned char
   3          void delay()
   4          {
   5   1      uchar i,j;
   6   1      for(i=0;i<255;i++)
   7   1      for(j=0;j<255;j++);
   8   1      }
   9          
  10          void main()
  11          {uchar m;
  12   1      for(m=0;m<5;m++)
  13   1      {
  14   2              P1=0;
  15   2              delay();
  16   2              P1=1;
  17   2              delay();
  18   2      }
  19   1      while(1){
  20   2      }
  21   1      }
  22           


MODULE INFORMATION:   STATIC OVERLAYABLE
   CODE SIZE        =     60    ----
   CONSTANT SIZE    =   ----    ----
   XDATA SIZE       =   ----    ----
   PDATA SIZE       =   ----    ----
   DATA SIZE        =   ----    ----
   IDATA SIZE       =   ----    ----
   BIT SIZE         =   ----    ----
END OF MODULE INFORMATION.


C51 COMPILATION COMPLETE.  0 WARNING(S),  0 ERROR(S)
