C51 COMPILER V9.59.0.0   ____                                                              09/14/2023 18:47:53 PAGE 1   


C51 COMPILER V9.59.0.0, COMPILATION OF MODULE ____
OBJECT MODULE PLACED IN √Î±Ì.OBJ
COMPILER INVOKED BY: D:\»Ìº˛\DEVELOP\danpianji\keil\C51\BIN\C51.EXE √Î±Ì.c BROWSE DEBUG OBJECTEXTEND

line level    source

   1          #include<reg51.h>
   2          #define uint unsigned int
   3          #define uchar unsigned char
   4          sbit p30=P3^0;
   5          uchar seg[]={0xc0,0xf9,0xa4,0xb0,0x99,0x92,0x82,0xf8,0x80,0x90};
   6          void delay()
   7          {
   8   1              uint i,j;
   9   1              for(i=0;i<255;i++)
  10   1                      for(j=0;j<200;j++)
  11   1                              ;
  12   1      }
  13          void main()
  14          {
  15   1      uint i,j;
  16   1      //      P1=0xc0;
  17   1      //      P2=0xc0;
  18   1              while (p30==0)
  19   1              {
  20   2              for(i=0;i<6&p30==0;i++)
  21   2              {
  22   3                      P1=seg[i];
  23   3                      for(j=0;j<10&p30==0;j++)
  24   3                      {
  25   4                       P2 = seg[j];
  26   4                       delay();
  27   4                      } 
  28   3              }
  29   2              
  30   2              }
  31   1      }


MODULE INFORMATION:   STATIC OVERLAYABLE
   CODE SIZE        =    122    ----
   CONSTANT SIZE    =   ----    ----
   XDATA SIZE       =   ----    ----
   PDATA SIZE       =   ----    ----
   DATA SIZE        =     10    ----
   IDATA SIZE       =   ----    ----
   BIT SIZE         =   ----    ----
END OF MODULE INFORMATION.


C51 COMPILATION COMPLETE.  0 WARNING(S),  0 ERROR(S)
