C51 COMPILER V9.59.0.0   LX1                                                               08/30/2023 12:53:01 PAGE 1   


C51 COMPILER V9.59.0.0, COMPILATION OF MODULE LX1
OBJECT MODULE PLACED IN LX1.OBJ
COMPILER INVOKED BY: D:\Èí¼þ\DEVELOP\Keil uvision5 C51v959(64bit)\C51\BIN\C51.EXE LX1.c BROWSE DEBUG OBJECTEXTEND

line level    source

   1           #include <reg51.h>
   2           void main()
   3           {
   4   1              P1=0;
   5   1       }


MODULE INFORMATION:   STATIC OVERLAYABLE
   CODE SIZE        =      4    ----
   CONSTANT SIZE    =   ----    ----
   XDATA SIZE       =   ----    ----
   PDATA SIZE       =   ----    ----
   DATA SIZE        =   ----    ----
   IDATA SIZE       =   ----    ----
   BIT SIZE         =   ----    ----
END OF MODULE INFORMATION.


C51 COMPILATION COMPLETE.  0 WARNING(S),  0 ERROR(S)
