C51 COMPILER V9.59.0.0   LCD                                                               10/28/2023 19:26:01 PAGE 1   


C51 COMPILER V9.59.0.0, COMPILATION OF MODULE LCD
OBJECT MODULE PLACED IN LCD.OBJ
COMPILER INVOKED BY: D:\Develop\keil\C51\BIN\C51.EXE LCD.c BROWSE DEBUG OBJECTEXTEND

line level    source

   1          #include "LCD.h"
   2          
   3          void delay(uint j)
   4          {
*** WARNING C235 IN LINE 4 OF LCD.c: parameter 1: different types
   5   1              uchar i=250;
   6   1              for(;j>0;j--)
   7   1              {
   8   2                      while(--i);
   9   2                      i=249;
  10   2                      while(--i);
  11   2                      i=250;
  12   2              }
  13   1      }
  14          
  15          //void delay1()   //一个机器周期的延时
  16          //{
  17          //      uint i=0;
  18          //      for(i;i<1;i++)
  19          //      ;
  20          //}
  21          //
  22          //void delay100()         //一个机器周期的延时
  23          //{
  24          //      uint i=0;
  25          //      for(i;i<100;i++)
  26          //         for(i;i<100;i++)
  27          //      ;
  28          //}
  29          
  30          void check_busy(void)
  31          {
  32   1              uchar dt;
  33   1              do
  34   1              {
  35   2                      dt=0xff;
  36   2                      E=0;
  37   2                      RS=0;
  38   2                      RW=1;
  39   2                      E=1;
  40   2                      dt=out;
  41   2              }while(dt&0x80);
  42   1              E=0;
  43   1      }
  44          
  45          void write_command(uchar com)//写命令函数
  46          {
  47   1              check_busy();
  48   1              E=0;
  49   1              RS=0;
  50   1              RW=0;
  51   1              out=com;
  52   1              E=1;
  53   1              _nop_();
  54   1      //      delay1();  //空语句,延时很短
C51 COMPILER V9.59.0.0   LCD                                                               10/28/2023 19:26:01 PAGE 2   

  55   1              E=0;
  56   1              delay(1);
  57   1      }
  58          
  59          void write_data(uchar dat)       //写显示数据函数
  60          {
  61   1              check_busy();
  62   1              E=0;
  63   1              RS=1;
  64   1              RW=0;
  65   1              out=dat;
  66   1              E=1;
  67   1              _nop_();
  68   1              E=0;
  69   1              delay(1);
  70   1      }
  71          
  72          void lcd_initial(void) //初始化函数
  73          {
  74   1              write_command(0x38);//8位两行显示，5*7点阵
  75   1              write_command(0x0c);//开显示、无光标
  76   1              write_command(0x07);//设置显示模式:指针减一 S有效
  77   1              write_command(0x01);//清屏
  78   1              delay(1);
  79   1      }
  80          
  81          void string(uchar ad,uchar *s) //输出显示字符串的函数
  82          {
  83   1              write_command(ad);
  84   1              while(*s>0)
  85   1              {
  86   2                      write_data(*s++);
  87   2                      delay(100);
  88   2              }
  89   1      }


MODULE INFORMATION:   STATIC OVERLAYABLE
   CODE SIZE        =    175    ----
   CONSTANT SIZE    =   ----    ----
   XDATA SIZE       =   ----    ----
   PDATA SIZE       =   ----    ----
   DATA SIZE        =   ----       3
   IDATA SIZE       =   ----    ----
   BIT SIZE         =   ----    ----
END OF MODULE INFORMATION.


C51 COMPILATION COMPLETE.  1 WARNING(S),  0 ERROR(S)
