C51 COMPILER V9.59.0.0   LX15                                                              11/14/2023 15:35:49 PAGE 1   


C51 COMPILER V9.59.0.0, COMPILATION OF MODULE LX15
OBJECT MODULE PLACED IN LX15.OBJ
COMPILER INVOKED BY: D:\Develop\keil\C51\BIN\C51.EXE LX15.c BROWSE DEBUG OBJECTEXTEND

line level    source

   1          #include <reg51.h>
   2          #include<LCD.h>
   3          #define uchar unsigned char
   4          #define uint unsigned int
   5          uchar int_time;
   6          uchar second;
   7          uchar minute;
   8          uchar hour;
   9          uchar code date[] = "      TIME      ";
  10          uchar code time[]="  23 : 59 : 55  ";
  11          uchar second = 55,minute = 59 , hour = 23;
  12          void clock_init()
  13          {
  14   1              uchar i,j;
  15   1              for(i=0;i<16;i++)
  16   1              {
  17   2      
  18   2                      write_data(date[i]);
  19   2              }
  20   1      write_command(0xc0);      
  21   1      //      write_com(0x80+0x40);
  22   1              for(j=0;j<16;j++)
  23   1              {
  24   2                      write_data(time[j]);
  25   2              }
  26   1      }
  27          
  28          void clock_write(uchar s,uchar m,uchar h)
  29          {
  30   1              write_data(0x47,h);
*** ERROR C208 IN LINE 30 OF LX15.c: '_write_data': too many actual parameters
  31   1              write_data(0x4a,m);
*** ERROR C208 IN LINE 31 OF LX15.c: '_write_data': too many actual parameters
  32   1              write_data(0x4d,s);
*** ERROR C208 IN LINE 32 OF LX15.c: '_write_data': too many actual parameters
  33   1      //      write_sfm(0x47,h);
  34   1      //      write_sfm(0x4a,m);
  35   1      //      write_sfm(0x4d,s);
  36   1      }
  37          
  38          void main()
  39          {
  40   1              void lcd_initial(void);
  41   1              clock_init();
  42   1              TMOD=0x01;
  43   1              EA=1;
  44   1              ET0=1;
  45   1              TH0=(65536-46483)/256;
  46   1              TL0=(65536-46483)%256;
  47   1              TR0=1;
  48   1              int_time=0;
  49   1              second=55;
  50   1              minute=59;
  51   1              hour=23;
  52   1              while(1)
C51 COMPILER V9.59.0.0   LX15                                                              11/14/2023 15:35:49 PAGE 2   

  53   1              {
  54   2                      clock_write(second,minute,hour);
  55   2              }
  56   1      }
  57          

C51 COMPILATION COMPLETE.  0 WARNING(S),  3 ERROR(S)
