C51 COMPILER V9.00   µç×Ó_Ó                                                                12/12/2023 10:20:36 PAGE 1   


C51 COMPILER V9.00, COMPILATION OF MODULE µç×Ó_Ó
OBJECT MODULE PLACED IN µç×ÓÖÓ.OBJ
COMPILER INVOKED BY: D:\study\keil\C51\BIN\C51.EXE µç×ÓÖÓ.c BROWSE DEBUG OBJECTEXTEND

line level    source

   1          #include<reg51.h>
   2          #include <intrins.h>
   3          #define uchar unsigned char
   4          #define uint unsigned int
   5          #define out P0
   6          sbit RS=P2^0;
   7          sbit RW=P2^1;
   8          sbit E=P2^2;
   9          void delay(uint j)
  10          {
  11   1         uchar i=250;
  12   1         for(;j>0;j--)
  13   1         {
  14   2          while(--i);
  15   2                i=249;
  16   2                while(--i);
  17   2                i=250;
  18   2         }                                                             
  19   1      }
  20          void check_busy(void)
  21          {
  22   1         uchar dt;
  23   1         do
  24   1         {
  25   2          dt=0xff;
  26   2                E=0;
  27   2                RS=0;
  28   2                RW=1;
  29   2                E=1;
  30   2                dt=out;
  31   2         }
  32   1         while(dt&0x80);
  33   1         E=0;
  34   1      }
  35          void write_command(uchar com)
  36          {
  37   1         check_busy();
  38   1         E=0;
  39   1         RS=0;
  40   1         RW=0;
  41   1         out=com;
  42   1         E=1;
  43   1         _nop_();
  44   1         E=0;
  45   1         delay(1);
  46   1      }
  47          void write_data(uchar dat)
  48          {
  49   1         check_busy();
  50   1         E=0;
  51   1         RS=1;
  52   1         RW=0;
  53   1         out=dat;
  54   1         E=1;
  55   1         _nop_();
C51 COMPILER V9.00   µç×Ó_Ó                                                                12/12/2023 10:20:36 PAGE 2   

  56   1         E=0;
  57   1         delay(1);
  58   1      }
  59          void lcd_initial(void)
  60          {
  61   1         write_command(0x38);
  62   1         _nop_();
  63   1         write_command(0x0c);
  64   1               _nop_();
  65   1         write_command(0x04);
  66   1               _nop_();
  67   1         write_command(0x01);
  68   1         delay(1);
  69   1      }
  70          void string(uchar ad,uchar *s)
  71          {
  72   1         
  73   1         while(*s!='\0')
  74   1         {   
  75   2                       write_command(ad);
  76   2           write_data(*s++);
  77   2                 ad++;
  78   2         }
  79   1      }
  80          uint cishu;
  81          uchar miao;
  82          uchar fen;
  83          uchar shi;
  84          sbit K1=P3^2;
  85          sbit K2=P1^0;
  86          sbit K3=P1^1;
  87          sbit K4=P1^2;
  88          uchar miao=0,fen=0,shi=0;
  89          uchar code tab[]={0x30,0x31,0x32,0x33,0x34,0x35,0x36,0x37,0x38,0x39};
  90          void delay10ms()   //Èí¼þÏû¶¶ÑÓÊ±
  91          {
  92   1         uchar i,j;
  93   1         for(i=0;i<200;i++)
  94   1         for(j=0;j<200;j++);
  95   1      }
  96          void clock_init()//Ê±ÖÓ³õÊ¼»¯
  97          {
  98   1        string(0x81,"BeiJing shijian");  
  99   1        string(0xC4,"00:00:00");       
 100   1      }
 101          void write_sfm(uchar add,uchar date)
 102          {
 103   1        uchar ge,shi;
 104   1              shi=tab[date/10];
 105   1              ge=tab[date%10];
 106   1        write_command(add);
 107   1              write_data(shi);
 108   1        write_command(add+0x01);
 109   1              write_data(ge);
 110   1      }
 111          void clock_write(uint s,uint m,uint h)//ÉèÖÃÊ±¡¢·Ö¡¢Ãë
 112          {
 113   1        write_sfm(0xc4,h);
 114   1        write_sfm(0xc7,m);
 115   1        write_sfm(0xca,s);    
 116   1      }
 117          void main()
C51 COMPILER V9.00   µç×Ó_Ó                                                                12/12/2023 10:20:36 PAGE 3   

 118          {
 119   1        lcd_initial(); 
 120   1              clock_init();
 121   1              TMOD=0X01;
 122   1              EA=1;
 123   1              PX0=1;
 124   1              PT0=0;
 125   1              ET0=1;
 126   1              EX0=1;
 127   1              IT0=1;
 128   1              TH0=(65536-50000)/256;
 129   1              TL0=(65536-50000)%256;
 130   1              TR0=1;
 131   1              cishu=0;
 132   1              miao=0;
 133   1              fen=0;
 134   1              shi=0;
 135   1        while(1)
 136   1              {
 137   2              clock_write(miao,fen,shi);
 138   2              }
 139   1      }
 140          void T0_int(void) interrupt 1
 141          {
 142   1        cishu++;
 143   1              if(cishu==20)
 144   1              {
 145   2                cishu=0;
 146   2                      miao++;
 147   2              }
 148   1              if(miao==60)
 149   1              {
 150   2                      miao=0;
 151   2                fen++;
 152   2              }
 153   1              if(fen==60)
 154   1              {
 155   2                fen=0;
 156   2                      shi++;
 157   2              }
 158   1              if(shi==24)
 159   1              {
 160   2                shi=0;
 161   2              }
 162   1              TH0=(65536-50000)/256;
 163   1              TL0=(65536-50000)%256;  
 164   1      }
 165          void xuishi(void) interrupt 0
 166          {
 167   1        do
 168   1              {
 169   2                      EA=0;
 170   2                if(K2==0)
 171   2                      {
 172   3                        delay10ms();
 173   3                              if(K2==0)
 174   3                              {
 175   4                                shi++;
 176   4              clock_write(miao,fen,shi);
 177   4                              }
 178   3                      }
 179   2                      if(K3==0)
C51 COMPILER V9.00   µç×Ó_Ó                                                                12/12/2023 10:20:36 PAGE 4   

 180   2                      {
 181   3                        delay10ms();
 182   3                              if(K3==0)
 183   3                              {
 184   4                                fen++;
 185   4              clock_write(miao,fen,shi);
 186   4                              }
 187   3                      }
 188   2              }
 189   1              while(K4!=0);
 190   1              EA=1;
 191   1      }


MODULE INFORMATION:   STATIC OVERLAYABLE
   CODE SIZE        =    482    ----
   CONSTANT SIZE    =     35    ----
   XDATA SIZE       =   ----    ----
   PDATA SIZE       =   ----    ----
   DATA SIZE        =      5       7
   IDATA SIZE       =   ----    ----
   BIT SIZE         =   ----    ----
END OF MODULE INFORMATION.


C51 COMPILATION COMPLETE.  0 WARNING(S),  0 ERROR(S)
